mode: atomic
github.com/gopherdojo/dojo3/kadai4/shuntaka9576/kuji/kuji.go:19.37,20.11 1 11
github.com/gopherdojo/dojo3/kadai4/shuntaka9576/kuji/kuji.go:21.9,22.18 1 1
github.com/gopherdojo/dojo3/kadai4/shuntaka9576/kuji/kuji.go:23.9,24.15 1 2
github.com/gopherdojo/dojo3/kadai4/shuntaka9576/kuji/kuji.go:25.9,26.18 1 2
github.com/gopherdojo/dojo3/kadai4/shuntaka9576/kuji/kuji.go:27.9,28.18 1 2
github.com/gopherdojo/dojo3/kadai4/shuntaka9576/kuji/kuji.go:29.9,30.18 1 1
github.com/gopherdojo/dojo3/kadai4/shuntaka9576/kuji/kuji.go:31.9,32.15 1 1
github.com/gopherdojo/dojo3/kadai4/shuntaka9576/kuji/kuji.go:33.9,34.18 1 1
github.com/gopherdojo/dojo3/kadai4/shuntaka9576/kuji/kuji.go:35.10,36.17 1 1
github.com/gopherdojo/dojo3/kadai4/shuntaka9576/kuji/kuji.go:40.49,42.29 2 3
github.com/gopherdojo/dojo3/kadai4/shuntaka9576/kuji/kuji.go:45.2,45.58 1 3
github.com/gopherdojo/dojo3/kadai4/shuntaka9576/kuji/kuji.go:42.29,44.3 1 9
github.com/gopherdojo/dojo3/kadai4/shuntaka9576/omikuji/omikuji.go:17.35,18.20 1 5
github.com/gopherdojo/dojo3/kadai4/shuntaka9576/omikuji/omikuji.go:21.2,21.22 1 5
github.com/gopherdojo/dojo3/kadai4/shuntaka9576/omikuji/omikuji.go:18.20,20.3 1 0
github.com/gopherdojo/dojo3/kadai4/shuntaka9576/omikuji/omikuji.go:26.36,28.2 1 5
github.com/gopherdojo/dojo3/kadai4/shuntaka9576/omikuji/omikuji.go:30.41,32.63 2 5
github.com/gopherdojo/dojo3/kadai4/shuntaka9576/omikuji/omikuji.go:36.2,46.8 2 2
github.com/gopherdojo/dojo3/kadai4/shuntaka9576/omikuji/omikuji.go:32.63,34.3 1 3
github.com/gopherdojo/dojo3/kadai4/shuntaka9576/handler/omikuji.go:11.61,16.2 3 1
