mode: set
github.com\gopherdojo\dojo3\kadai2\shuntaka9576\converter\converter.go:15.69,17.16 2 1
github.com\gopherdojo\dojo3\kadai2\shuntaka9576\converter\converter.go:21.2,22.16 2 1
github.com\gopherdojo\dojo3\kadai2\shuntaka9576\converter\converter.go:25.2,25.23 1 1
github.com\gopherdojo\dojo3\kadai2\shuntaka9576\converter\converter.go:17.16,19.3 1 1
github.com\gopherdojo\dojo3\kadai2\shuntaka9576\converter\converter.go:22.16,24.3 1 1
github.com\gopherdojo\dojo3\kadai2\shuntaka9576\converter\converter.go:29.80,32.54 2 1
github.com\gopherdojo\dojo3\kadai2\shuntaka9576\converter\converter.go:53.2,53.16 1 1
github.com\gopherdojo\dojo3\kadai2\shuntaka9576\converter\converter.go:32.54,34.17 2 1
github.com\gopherdojo\dojo3\kadai2\shuntaka9576\converter\converter.go:37.3,39.17 3 1
github.com\gopherdojo\dojo3\kadai2\shuntaka9576\converter\converter.go:43.3,44.17 2 1
github.com\gopherdojo\dojo3\kadai2\shuntaka9576\converter\converter.go:47.3,48.17 2 1
github.com\gopherdojo\dojo3\kadai2\shuntaka9576\converter\converter.go:51.3,51.25 1 1
github.com\gopherdojo\dojo3\kadai2\shuntaka9576\converter\converter.go:34.17,36.4 1 1
github.com\gopherdojo\dojo3\kadai2\shuntaka9576\converter\converter.go:39.17,41.4 1 0
github.com\gopherdojo\dojo3\kadai2\shuntaka9576\converter\converter.go:44.17,46.4 1 1
github.com\gopherdojo\dojo3\kadai2\shuntaka9576\converter\converter.go:48.17,50.4 1 0
