mode: set
github.com\gopherdojo\dojo3\kadai2\shuntaka9576\cli\cli.go:30.37,32.2 1 1
github.com\gopherdojo\dojo3\kadai2\shuntaka9576\cli\cli.go:34.38,36.16 2 1
github.com\gopherdojo\dojo3\kadai2\shuntaka9576\cli\cli.go:41.2,49.46 8 1
github.com\gopherdojo\dojo3\kadai2\shuntaka9576\cli\cli.go:54.2,55.9 2 1
github.com\gopherdojo\dojo3\kadai2\shuntaka9576\cli\cli.go:65.2,65.13 1 1
github.com\gopherdojo\dojo3\kadai2\shuntaka9576\cli\cli.go:70.2,71.16 2 1
github.com\gopherdojo\dojo3\kadai2\shuntaka9576\cli\cli.go:76.2,78.33 3 1
github.com\gopherdojo\dojo3\kadai2\shuntaka9576\cli\cli.go:101.2,101.19 1 1
github.com\gopherdojo\dojo3\kadai2\shuntaka9576\cli\cli.go:36.16,39.3 2 0
github.com\gopherdojo\dojo3\kadai2\shuntaka9576\cli\cli.go:49.46,52.3 2 0
github.com\gopherdojo\dojo3\kadai2\shuntaka9576\cli\cli.go:56.29,57.18 1 1
github.com\gopherdojo\dojo3\kadai2\shuntaka9576\cli\cli.go:58.29,59.29 1 1
github.com\gopherdojo\dojo3\kadai2\shuntaka9576\cli\cli.go:60.10,62.23 2 0
github.com\gopherdojo\dojo3\kadai2\shuntaka9576\cli\cli.go:65.13,68.3 2 0
github.com\gopherdojo\dojo3\kadai2\shuntaka9576\cli\cli.go:71.16,74.3 2 0
github.com\gopherdojo\dojo3\kadai2\shuntaka9576\cli\cli.go:78.33,80.17 2 1
github.com\gopherdojo\dojo3\kadai2\shuntaka9576\cli\cli.go:84.3,91.17 4 1
github.com\gopherdojo\dojo3\kadai2\shuntaka9576\cli\cli.go:95.3,95.23 1 1
github.com\gopherdojo\dojo3\kadai2\shuntaka9576\cli\cli.go:98.3,99.110 2 1
github.com\gopherdojo\dojo3\kadai2\shuntaka9576\cli\cli.go:80.17,83.4 2 0
github.com\gopherdojo\dojo3\kadai2\shuntaka9576\cli\cli.go:91.17,94.4 2 0
github.com\gopherdojo\dojo3\kadai2\shuntaka9576\cli\cli.go:95.23,96.12 1 1
github.com\gopherdojo\dojo3\kadai2\shuntaka9576\cli\cli.go:104.32,106.47 2 1
github.com\gopherdojo\dojo3\kadai2\shuntaka9576\cli\cli.go:108.2,109.16 2 1
github.com\gopherdojo\dojo3\kadai2\shuntaka9576\cli\cli.go:112.2,112.24 1 1
github.com\gopherdojo\dojo3\kadai2\shuntaka9576\cli\cli.go:106.48,107.3 0 1
github.com\gopherdojo\dojo3\kadai2\shuntaka9576\cli\cli.go:109.16,111.3 1 0
github.com\gopherdojo\dojo3\kadai2\shuntaka9576\cli\cli.go:116.35,118.16 2 1
github.com\gopherdojo\dojo3\kadai2\shuntaka9576\cli\cli.go:122.2,123.29 2 1
github.com\gopherdojo\dojo3\kadai2\shuntaka9576\cli\cli.go:130.2,130.14 1 1
github.com\gopherdojo\dojo3\kadai2\shuntaka9576\cli\cli.go:118.16,119.13 1 0
github.com\gopherdojo\dojo3\kadai2\shuntaka9576\cli\cli.go:123.29,124.19 1 1
github.com\gopherdojo\dojo3\kadai2\shuntaka9576\cli\cli.go:128.3,128.57 1 1
github.com\gopherdojo\dojo3\kadai2\shuntaka9576\cli\cli.go:124.19,126.12 2 1
github.com\gopherdojo\dojo3\kadai2\shuntaka9576\cli\cli.go:134.93,135.42 1 1
github.com\gopherdojo\dojo3\kadai2\shuntaka9576\cli\cli.go:142.2,142.27 1 1
github.com\gopherdojo\dojo3\kadai2\shuntaka9576\cli\cli.go:135.42,136.38 1 1
github.com\gopherdojo\dojo3\kadai2\shuntaka9576\cli\cli.go:136.38,140.4 3 1
