mode: set
github.com/gopherdojo/dojo3/kadai2/nguyengiabk/converter/png.go:14.60,16.2 1 1
github.com/gopherdojo/dojo3/kadai2/nguyengiabk/converter/png.go:19.46,21.2 1 1
github.com/gopherdojo/dojo3/kadai2/nguyengiabk/converter/png.go:24.60,26.2 1 1
github.com/gopherdojo/dojo3/kadai2/nguyengiabk/converter/png.go:29.35,31.2 1 1
github.com/gopherdojo/dojo3/kadai2/nguyengiabk/converter/converter.go:34.52,35.82 1 1
github.com/gopherdojo/dojo3/kadai2/nguyengiabk/converter/converter.go:45.2,45.12 1 1
github.com/gopherdojo/dojo3/kadai2/nguyengiabk/converter/converter.go:35.82,36.10 1 1
github.com/gopherdojo/dojo3/kadai2/nguyengiabk/converter/converter.go:37.19,38.14 1 0
github.com/gopherdojo/dojo3/kadai2/nguyengiabk/converter/converter.go:39.21,40.14 1 1
github.com/gopherdojo/dojo3/kadai2/nguyengiabk/converter/converter.go:41.11,42.44 1 1
github.com/gopherdojo/dojo3/kadai2/nguyengiabk/converter/converter.go:48.78,49.39 1 1
github.com/gopherdojo/dojo3/kadai2/nguyengiabk/converter/converter.go:52.2,53.16 2 1
github.com/gopherdojo/dojo3/kadai2/nguyengiabk/converter/converter.go:57.2,57.16 1 1
github.com/gopherdojo/dojo3/kadai2/nguyengiabk/converter/converter.go:60.2,61.50 2 1
github.com/gopherdojo/dojo3/kadai2/nguyengiabk/converter/converter.go:49.39,51.3 1 0
github.com/gopherdojo/dojo3/kadai2/nguyengiabk/converter/converter.go:53.16,55.3 1 0
github.com/gopherdojo/dojo3/kadai2/nguyengiabk/converter/converter.go:57.16,59.3 1 0
github.com/gopherdojo/dojo3/kadai2/nguyengiabk/converter/converter.go:64.73,66.16 2 1
github.com/gopherdojo/dojo3/kadai2/nguyengiabk/converter/converter.go:69.2,72.16 3 1
github.com/gopherdojo/dojo3/kadai2/nguyengiabk/converter/converter.go:75.2,75.19 1 1
github.com/gopherdojo/dojo3/kadai2/nguyengiabk/converter/converter.go:66.16,68.3 1 0
github.com/gopherdojo/dojo3/kadai2/nguyengiabk/converter/converter.go:72.16,74.3 1 0
github.com/gopherdojo/dojo3/kadai2/nguyengiabk/converter/converter.go:78.78,80.16 2 1
github.com/gopherdojo/dojo3/kadai2/nguyengiabk/converter/converter.go:83.2,84.46 2 1
github.com/gopherdojo/dojo3/kadai2/nguyengiabk/converter/converter.go:80.16,82.3 1 0
github.com/gopherdojo/dojo3/kadai2/nguyengiabk/converter/gif.go:16.60,18.2 1 1
github.com/gopherdojo/dojo3/kadai2/nguyengiabk/converter/gif.go:21.46,23.2 1 1
github.com/gopherdojo/dojo3/kadai2/nguyengiabk/converter/gif.go:26.60,28.2 1 1
github.com/gopherdojo/dojo3/kadai2/nguyengiabk/converter/gif.go:31.35,33.2 1 1
github.com/gopherdojo/dojo3/kadai2/nguyengiabk/converter/jpeg.go:16.61,18.2 1 1
github.com/gopherdojo/dojo3/kadai2/nguyengiabk/converter/jpeg.go:21.47,23.2 1 1
github.com/gopherdojo/dojo3/kadai2/nguyengiabk/converter/jpeg.go:26.61,28.2 1 1
github.com/gopherdojo/dojo3/kadai2/nguyengiabk/converter/jpeg.go:31.36,33.2 1 1
github.com/gopherdojo/dojo3/kadai2/nguyengiabk/cmd/cmd.go:30.33,33.2 2 1
github.com/gopherdojo/dojo3/kadai2/nguyengiabk/cmd/cmd.go:36.47,44.30 7 1
github.com/gopherdojo/dojo3/kadai2/nguyengiabk/cmd/cmd.go:47.2,47.31 1 1
github.com/gopherdojo/dojo3/kadai2/nguyengiabk/cmd/cmd.go:50.2,50.65 1 1
github.com/gopherdojo/dojo3/kadai2/nguyengiabk/cmd/cmd.go:53.2,53.72 1 1
github.com/gopherdojo/dojo3/kadai2/nguyengiabk/cmd/cmd.go:56.2,56.26 1 1
github.com/gopherdojo/dojo3/kadai2/nguyengiabk/cmd/cmd.go:59.2,65.8 1 1
github.com/gopherdojo/dojo3/kadai2/nguyengiabk/cmd/cmd.go:44.30,46.3 1 1
github.com/gopherdojo/dojo3/kadai2/nguyengiabk/cmd/cmd.go:47.31,49.3 1 1
github.com/gopherdojo/dojo3/kadai2/nguyengiabk/cmd/cmd.go:50.65,52.3 1 1
github.com/gopherdojo/dojo3/kadai2/nguyengiabk/cmd/cmd.go:53.72,55.3 1 1
github.com/gopherdojo/dojo3/kadai2/nguyengiabk/cmd/cmd.go:56.26,58.3 1 1
github.com/gopherdojo/dojo3/kadai2/nguyengiabk/cmd/cmd.go:69.34,73.26 3 1
github.com/gopherdojo/dojo3/kadai2/nguyengiabk/cmd/cmd.go:83.2,83.27 1 1
github.com/gopherdojo/dojo3/kadai2/nguyengiabk/cmd/cmd.go:94.2,95.35 2 1
github.com/gopherdojo/dojo3/kadai2/nguyengiabk/cmd/cmd.go:100.2,100.12 1 1
github.com/gopherdojo/dojo3/kadai2/nguyengiabk/cmd/cmd.go:74.15,75.14 1 1
github.com/gopherdojo/dojo3/kadai2/nguyengiabk/cmd/cmd.go:76.16,77.30 1 1
github.com/gopherdojo/dojo3/kadai2/nguyengiabk/cmd/cmd.go:78.15,79.29 1 1
github.com/gopherdojo/dojo3/kadai2/nguyengiabk/cmd/cmd.go:80.15,81.29 1 1
github.com/gopherdojo/dojo3/kadai2/nguyengiabk/cmd/cmd.go:84.15,85.14 1 1
github.com/gopherdojo/dojo3/kadai2/nguyengiabk/cmd/cmd.go:86.16,87.56 1 1
github.com/gopherdojo/dojo3/kadai2/nguyengiabk/cmd/cmd.go:88.15,89.29 1 1
github.com/gopherdojo/dojo3/kadai2/nguyengiabk/cmd/cmd.go:90.15,91.59 1 1
github.com/gopherdojo/dojo3/kadai2/nguyengiabk/cmd/cmd.go:95.35,96.45 1 1
github.com/gopherdojo/dojo3/kadai2/nguyengiabk/cmd/cmd.go:96.45,98.4 1 0
