mode: set
gopher-dojo/dojo3/kadai2/sintan23/src/convert/convert.go:46.31,50.34 3 1
gopher-dojo/dojo3/kadai2/sintan23/src/convert/convert.go:66.2,66.15 1 1
gopher-dojo/dojo3/kadai2/sintan23/src/convert/convert.go:50.34,51.16 1 0
gopher-dojo/dojo3/kadai2/sintan23/src/convert/convert.go:51.16,54.14 2 0
gopher-dojo/dojo3/kadai2/sintan23/src/convert/convert.go:54.14,58.5 3 0
gopher-dojo/dojo3/kadai2/sintan23/src/convert/convert.go:59.9,62.4 2 0
gopher-dojo/dojo3/kadai2/sintan23/src/convert/convert.go:66.15,68.3 1 0
gopher-dojo/dojo3/kadai2/sintan23/src/convert/convert.go:71.54,74.9 2 1
gopher-dojo/dojo3/kadai2/sintan23/src/convert/convert.go:79.2,81.12 2 1
gopher-dojo/dojo3/kadai2/sintan23/src/convert/convert.go:75.49,76.28 1 0
gopher-dojo/dojo3/kadai2/sintan23/src/convert/convert.go:84.51,90.2 4 1
gopher-dojo/dojo3/kadai2/sintan23/src/convert/convert.go:92.42,97.2 3 1
gopher-dojo/dojo3/kadai2/sintan23/src/convert/convert.go:99.31,107.27 5 1
gopher-dojo/dojo3/kadai2/sintan23/src/convert/convert.go:117.2,117.14 1 1
gopher-dojo/dojo3/kadai2/sintan23/src/convert/convert.go:107.27,115.3 3 0
gopher-dojo/dojo3/kadai2/sintan23/src/convert/convert.go:120.36,121.27 1 0
gopher-dojo/dojo3/kadai2/sintan23/src/convert/convert.go:121.27,122.10 1 0
gopher-dojo/dojo3/kadai2/sintan23/src/convert/convert.go:128.3,128.47 1 0
gopher-dojo/dojo3/kadai2/sintan23/src/convert/convert.go:123.31,124.16 1 0
gopher-dojo/dojo3/kadai2/sintan23/src/convert/convert.go:125.35,126.20 1 0
gopher-dojo/dojo3/kadai2/sintan23/src/convert/convert.go:132.25,134.2 1 0
gopher-dojo/dojo3/kadai2/sintan23/src/convert/convert.go:136.23,138.2 1 1
gopher-dojo/dojo3/kadai2/sintan23/src/convert/convert.go:140.35,142.2 1 0
gopher-dojo/dojo3/kadai2/sintan23/src/convert/convert.go:144.28,146.2 1 1
gopher-dojo/dojo3/kadai2/sintan23/src/convert/convert.go:148.33,150.2 1 0
gopher-dojo/dojo3/kadai2/sintan23/src/convert/convert.go:152.26,154.2 1 1
gopher-dojo/dojo3/kadai2/sintan23/src/convert/convert.go:157.24,158.16 1 1
gopher-dojo/dojo3/kadai2/sintan23/src/convert/convert.go:158.16,160.3 1 0
gopher-dojo/dojo3/kadai2/sintan23/src/convert/convert.go:163.25,164.11 1 1
gopher-dojo/dojo3/kadai2/sintan23/src/convert/convert.go:164.11,166.3 1 0
gopher-dojo/dojo3/kadai2/sintan23/src/convert/convertToPng.go:9.63,21.2 6 1
