mode: set
github.com/gopherdojo/dojo3/kadai2/tk3fftk/cli.go:21.53,24.2 2 1
github.com/gopherdojo/dojo3/kadai2/tk3fftk/cli.go:26.38,32.46 6 1
github.com/gopherdojo/dojo3/kadai2/tk3fftk/cli.go:36.2,36.16 1 1
github.com/gopherdojo/dojo3/kadai2/tk3fftk/cli.go:41.2,42.16 2 1
github.com/gopherdojo/dojo3/kadai2/tk3fftk/cli.go:47.2,47.81 1 1
github.com/gopherdojo/dojo3/kadai2/tk3fftk/cli.go:50.2,50.16 1 1
github.com/gopherdojo/dojo3/kadai2/tk3fftk/cli.go:55.2,55.19 1 1
github.com/gopherdojo/dojo3/kadai2/tk3fftk/cli.go:32.46,34.3 1 0
github.com/gopherdojo/dojo3/kadai2/tk3fftk/cli.go:36.16,39.3 2 1
github.com/gopherdojo/dojo3/kadai2/tk3fftk/cli.go:42.16,45.3 2 1
github.com/gopherdojo/dojo3/kadai2/tk3fftk/cli.go:47.81,49.3 1 1
github.com/gopherdojo/dojo3/kadai2/tk3fftk/cli.go:50.16,53.3 2 0
github.com/gopherdojo/dojo3/kadai2/tk3fftk/main.go:7.13,10.2 2 0
github.com/gopherdojo/dojo3/kadai2/tk3fftk/imageconverter/imageconverter.go:24.51,25.66 1 1
github.com/gopherdojo/dojo3/kadai2/tk3fftk/imageconverter/imageconverter.go:29.2,32.8 1 1
github.com/gopherdojo/dojo3/kadai2/tk3fftk/imageconverter/imageconverter.go:25.66,27.3 1 1
github.com/gopherdojo/dojo3/kadai2/tk3fftk/imageconverter/imageconverter.go:36.88,40.33 3 1
github.com/gopherdojo/dojo3/kadai2/tk3fftk/imageconverter/imageconverter.go:44.2,45.16 2 1
github.com/gopherdojo/dojo3/kadai2/tk3fftk/imageconverter/imageconverter.go:48.2,48.19 1 1
github.com/gopherdojo/dojo3/kadai2/tk3fftk/imageconverter/imageconverter.go:54.2,58.9 4 1
github.com/gopherdojo/dojo3/kadai2/tk3fftk/imageconverter/imageconverter.go:68.2,68.16 1 1
github.com/gopherdojo/dojo3/kadai2/tk3fftk/imageconverter/imageconverter.go:72.2,72.9 1 1
github.com/gopherdojo/dojo3/kadai2/tk3fftk/imageconverter/imageconverter.go:81.2,81.8 1 1
github.com/gopherdojo/dojo3/kadai2/tk3fftk/imageconverter/imageconverter.go:40.33,42.3 1 1
github.com/gopherdojo/dojo3/kadai2/tk3fftk/imageconverter/imageconverter.go:45.16,47.3 1 0
github.com/gopherdojo/dojo3/kadai2/tk3fftk/imageconverter/imageconverter.go:48.19,50.17 2 0
github.com/gopherdojo/dojo3/kadai2/tk3fftk/imageconverter/imageconverter.go:50.17,52.4 1 0
github.com/gopherdojo/dojo3/kadai2/tk3fftk/imageconverter/imageconverter.go:59.37,60.32 1 1
github.com/gopherdojo/dojo3/kadai2/tk3fftk/imageconverter/imageconverter.go:61.20,62.31 1 1
github.com/gopherdojo/dojo3/kadai2/tk3fftk/imageconverter/imageconverter.go:63.20,64.31 1 1
github.com/gopherdojo/dojo3/kadai2/tk3fftk/imageconverter/imageconverter.go:65.10,66.9 1 0
github.com/gopherdojo/dojo3/kadai2/tk3fftk/imageconverter/imageconverter.go:68.16,70.3 1 0
github.com/gopherdojo/dojo3/kadai2/tk3fftk/imageconverter/imageconverter.go:73.41,74.38 1 1
github.com/gopherdojo/dojo3/kadai2/tk3fftk/imageconverter/imageconverter.go:75.22,76.32 1 1
github.com/gopherdojo/dojo3/kadai2/tk3fftk/imageconverter/imageconverter.go:77.22,78.37 1 1
