mode: set
github.com/gopherdojo/dojo3/kadai2/tk3fftk/imageconverter/imageconverter.go:23.51,24.66 1 1
github.com/gopherdojo/dojo3/kadai2/tk3fftk/imageconverter/imageconverter.go:28.2,31.8 1 1
github.com/gopherdojo/dojo3/kadai2/tk3fftk/imageconverter/imageconverter.go:24.66,26.3 1 1
github.com/gopherdojo/dojo3/kadai2/tk3fftk/imageconverter/imageconverter.go:35.88,40.33 4 1
github.com/gopherdojo/dojo3/kadai2/tk3fftk/imageconverter/imageconverter.go:44.2,45.16 2 1
github.com/gopherdojo/dojo3/kadai2/tk3fftk/imageconverter/imageconverter.go:48.2,48.19 1 1
github.com/gopherdojo/dojo3/kadai2/tk3fftk/imageconverter/imageconverter.go:54.2,57.9 3 1
github.com/gopherdojo/dojo3/kadai2/tk3fftk/imageconverter/imageconverter.go:67.2,67.16 1 1
github.com/gopherdojo/dojo3/kadai2/tk3fftk/imageconverter/imageconverter.go:71.2,71.9 1 1
github.com/gopherdojo/dojo3/kadai2/tk3fftk/imageconverter/imageconverter.go:80.2,80.8 1 1
github.com/gopherdojo/dojo3/kadai2/tk3fftk/imageconverter/imageconverter.go:40.33,42.3 1 1
github.com/gopherdojo/dojo3/kadai2/tk3fftk/imageconverter/imageconverter.go:45.16,47.3 1 0
github.com/gopherdojo/dojo3/kadai2/tk3fftk/imageconverter/imageconverter.go:48.19,50.17 2 0
github.com/gopherdojo/dojo3/kadai2/tk3fftk/imageconverter/imageconverter.go:50.17,52.4 1 0
github.com/gopherdojo/dojo3/kadai2/tk3fftk/imageconverter/imageconverter.go:58.37,59.32 1 1
github.com/gopherdojo/dojo3/kadai2/tk3fftk/imageconverter/imageconverter.go:60.20,61.31 1 1
github.com/gopherdojo/dojo3/kadai2/tk3fftk/imageconverter/imageconverter.go:62.20,63.31 1 1
github.com/gopherdojo/dojo3/kadai2/tk3fftk/imageconverter/imageconverter.go:64.10,65.9 1 0
github.com/gopherdojo/dojo3/kadai2/tk3fftk/imageconverter/imageconverter.go:67.16,69.3 1 0
github.com/gopherdojo/dojo3/kadai2/tk3fftk/imageconverter/imageconverter.go:72.41,73.38 1 1
github.com/gopherdojo/dojo3/kadai2/tk3fftk/imageconverter/imageconverter.go:74.22,75.32 1 1
github.com/gopherdojo/dojo3/kadai2/tk3fftk/imageconverter/imageconverter.go:76.22,77.37 1 1
